1702986125262	geckodriver	INFO	Listening on 127.0.0.1:51617
1702986128347	mozrunner::runner	INFO	Running command: "C:\\Program Files\\Mozilla Firefox\\firefox.exe" "--marionette" "--remote-debugging-port" "51618" "--remote-allow-hosts" "localhost" "-no-remote" "-profile" "C:\\Users\\Romuald\\AppData\\Local\\Temp\\rust_mozprofileKBTuba"
console.warn: services.settings: Ignoring preference override of remote settings server
console.warn: services.settings: Allow by setting MOZ_REMOTE_SETTINGS_DEVTOOLS=1 in the environment
1702986128558	Marionette	INFO	Marionette enabled
Dynamically enable window occlusion 0
1702986128627	Marionette	INFO	Listening on port 51626
WebDriver BiDi listening on ws://127.0.0.1:51618
Read port: 51626
1702986128742	RemoteAgent	WARN	TLS certificate errors will be ignored for this session
DevTools listening on ws://127.0.0.1:51618/devtools/browser/39a5ec80-f774-499f-a06b-672a54d45c5b
console.warn: LoginRecipes: "Falling back to a synchronous message for: https://opensource-demo.orangehrmlive.com."
console.warn: LoginRecipes: "Falling back to a synchronous message for: https://opensource-demo.orangehrmlive.com."
1702986158991	addons.xpi	ERROR	System addon update list error SyntaxError: XMLHttpRequest.open: 'http://%(server)s/dummy-system-addons.xml' is not a valid URL.
console.error: services.settings: 
  main/search-config-v2 Signature failed  InvalidSignatureError: Invalid content signature (main/search-config-v2) using 'remote-settings.content-signature.mozilla.org-2024-01-19-16-42-21.chain'
console.error: services.settings: 
  main/search-config-v2 local data was corrupted
console.warn: services.settings: main/search-config-v2 Signature verified failed. Retry from scratch
JavaScript error: , line 0: NotFoundError: Could not move source file(C:\Users\Romuald\AppData\Local\Temp\rust_mozprofileKBTuba\bookmarkbackups\bookmarks-2023-12-19.jsonlz4) because it does not exist
1702990062357	Marionette	INFO	Stopped listening on port 51626
Dynamically enable window occlusion 1
