1703240528551	geckodriver	INFO	Listening on 127.0.0.1:52287
1703240531636	mozrunner::runner	INFO	Running command: "C:\\Program Files\\Mozilla Firefox\\firefox.exe" "--marionette" "--remote-debugging-port" "52288" "--remote-allow-hosts" "localhost" "-no-remote" "-profile" "C:\\Users\\Romuald\\AppData\\Local\\Temp\\rust_mozprofileSnMGvY"
console.warn: services.settings: Ignoring preference override of remote settings server
console.warn: services.settings: Allow by setting MOZ_REMOTE_SETTINGS_DEVTOOLS=1 in the environment
1703240531847	Marionette	INFO	Marionette enabled
Dynamically enable window occlusion 0
1703240531912	Marionette	INFO	Listening on port 52296
WebDriver BiDi listening on ws://127.0.0.1:52288
Read port: 52296
1703240532028	RemoteAgent	WARN	TLS certificate errors will be ignored for this session
DevTools listening on ws://127.0.0.1:52288/devtools/browser/405457b4-4eff-4f1f-baca-a0d910992db1
console.warn: LoginRecipes: "Falling back to a synchronous message for: https://opensource-demo.orangehrmlive.com."
console.warn: LoginRecipes: "Falling back to a synchronous message for: https://opensource-demo.orangehrmlive.com."
1703240542812	Marionette	INFO	Stopped listening on port 52296
JavaScript warning: https://opensource-demo.orangehrmlive.com/web/dist/js/chunk-vendors.js?v=1689053487449, line 115: Script terminated by timeout at:
Ja@https://opensource-demo.orangehrmlive.com/web/dist/js/chunk-vendors.js?v=1689053487449:115:171970
k@https://opensource-demo.orangehrmlive.com/web/dist/js/chunk-vendors.js?v=1689053487449:115:171123
s@https://opensource-demo.orangehrmlive.com/web/dist/js/chunk-vendors.js?v=1689053487449:115:171245
i@https://opensource-demo.orangehrmlive.com/web/dist/js/chunk-vendors.js?v=1689053487449:115:172231
d@https://opensource-demo.orangehrmlive.com/web/dist/js/chunk-vendors.js?v=1689053487449:115:172389
h@https://opensource-demo.orangehrmlive.com/web/dist/js/chunk-vendors.js?v=1689053487449:115:172422

Dynamically enable window occlusion 1
