1703192926551	geckodriver	INFO	Listening on 127.0.0.1:61482
1703192929614	mozrunner::runner	INFO	Running command: "C:\\Program Files\\Mozilla Firefox\\firefox.exe" "--marionette" "--remote-debugging-port" "61483" "--remote-allow-hosts" "localhost" "-no-remote" "-profile" "C:\\Users\\Romuald\\AppData\\Local\\Temp\\rust_mozprofileVtKoS9"
console.warn: services.settings: Ignoring preference override of remote settings server
console.warn: services.settings: Allow by setting MOZ_REMOTE_SETTINGS_DEVTOOLS=1 in the environment
1703192929824	Marionette	INFO	Marionette enabled
Dynamically enable window occlusion 0
1703192929890	Marionette	INFO	Listening on port 61490
WebDriver BiDi listening on ws://127.0.0.1:61483
Read port: 61490
1703192930015	RemoteAgent	WARN	TLS certificate errors will be ignored for this session
DevTools listening on ws://127.0.0.1:61483/devtools/browser/6eabf533-34c8-447e-8662-35c0bb748840
console.warn: LoginRecipes: "Falling back to a synchronous message for: https://opensource-demo.orangehrmlive.com."
console.warn: LoginRecipes: "Falling back to a synchronous message for: https://opensource-demo.orangehrmlive.com."
1703192960260	addons.xpi	ERROR	System addon update list error SyntaxError: XMLHttpRequest.open: 'http://%(server)s/dummy-system-addons.xml' is not a valid URL.
console.error: services.settings: 
  main/search-config-v2 Signature failed  InvalidSignatureError: Invalid content signature (main/search-config-v2) using 'remote-settings.content-signature.mozilla.org-2024-01-19-16-42-21.chain'
console.error: services.settings: 
  main/search-config-v2 local data was corrupted
console.warn: services.settings: main/search-config-v2 Signature verified failed. Retry from scratch
Exiting due to channel error.
Exiting due to channel error.
Exiting due to channel error.
