1703193571762	geckodriver	INFO	Listening on 127.0.0.1:61392
1703193574844	mozrunner::runner	INFO	Running command: "C:\\Program Files\\Mozilla Firefox\\firefox.exe" "--marionette" "--remote-debugging-port" "61393" "--remote-allow-hosts" "localhost" "-no-remote" "-profile" "C:\\Users\\Romuald\\AppData\\Local\\Temp\\rust_mozprofileq9aee1"
console.warn: services.settings: Ignoring preference override of remote settings server
console.warn: services.settings: Allow by setting MOZ_REMOTE_SETTINGS_DEVTOOLS=1 in the environment
1703193575048	Marionette	INFO	Marionette enabled
Dynamically enable window occlusion 0
1703193575111	Marionette	INFO	Listening on port 61401
WebDriver BiDi listening on ws://127.0.0.1:61393
Read port: 61401
1703193575228	RemoteAgent	WARN	TLS certificate errors will be ignored for this session
DevTools listening on ws://127.0.0.1:61393/devtools/browser/e9d64cda-e315-45a6-bddf-b517c30468f6
console.warn: LoginRecipes: "Falling back to a synchronous message for: https://opensource-demo.orangehrmlive.com."
console.warn: LoginRecipes: "Falling back to a synchronous message for: https://opensource-demo.orangehrmlive.com."
1703193605220	addons.xpi	ERROR	System addon update list error SyntaxError: XMLHttpRequest.open: 'http://%(server)s/dummy-system-addons.xml' is not a valid URL.
1703193607180	Marionette	INFO	Stopped listening on port 61401
Dynamically enable window occlusion 1
console.warn: services.settings: main/search-config-v2 sync interrupted by shutdown
console.warn: services.settings: main/devtools-compatibility-browsers sync interrupted by shutdown
console.warn: services.settings: main/sites-classification sync interrupted by shutdown
console.warn: services.settings: main/anti-tracking-url-decoration sync interrupted by shutdown
console.warn: services.settings: main/public-suffix-list sync interrupted by shutdown
console.warn: services.settings: main/search-default-override-allowlist sync interrupted by shutdown
console.warn: services.settings: main/hijack-blocklists sync interrupted by shutdown
console.warn: services.settings: main/pioneer-study-addons-v1 sync interrupted by shutdown
console.warn: services.settings: main/top-sites sync interrupted by shutdown
console.warn: services.settings: main/doh-providers sync interrupted by shutdown
console.warn: services.settings: main/doh-config sync interrupted by shutdown
console.error: (new AbortError("IndexedDB: main/devtools-devices getLastModified() IndexedDB:  execute() A request was aborted, for example through a call to IDBTransaction.abort.", "resource://services-settings/IDBHelpers.sys.mjs", 16))
