1703002766209	geckodriver	INFO	Listening on 127.0.0.1:61059
1703002769278	mozrunner::runner	INFO	Running command: "C:\\Program Files\\Mozilla Firefox\\firefox.exe" "--marionette" "--remote-debugging-port" "61060" "--remote-allow-hosts" "localhost" "-no-remote" "-profile" "C:\\Users\\Romuald\\AppData\\Local\\Temp\\rust_mozprofileM8DZCz"
console.warn: services.settings: Ignoring preference override of remote settings server
console.warn: services.settings: Allow by setting MOZ_REMOTE_SETTINGS_DEVTOOLS=1 in the environment
1703002769484	Marionette	INFO	Marionette enabled
Dynamically enable window occlusion 0
1703002769547	Marionette	INFO	Listening on port 61068
WebDriver BiDi listening on ws://127.0.0.1:61060
Read port: 61068
1703002769662	RemoteAgent	WARN	TLS certificate errors will be ignored for this session
DevTools listening on ws://127.0.0.1:61060/devtools/browser/8242c0b0-1faf-4821-9409-93919c99e0a7
console.warn: LoginRecipes: "Falling back to a synchronous message for: https://opensource-demo.orangehrmlive.com."
console.warn: LoginRecipes: "Falling back to a synchronous message for: https://opensource-demo.orangehrmlive.com."
1703002799589	addons.xpi	ERROR	System addon update list error SyntaxError: XMLHttpRequest.open: 'http://%(server)s/dummy-system-addons.xml' is not a valid URL.
console.error: services.settings: 
  main/search-config-v2 Signature failed  InvalidSignatureError: Invalid content signature (main/search-config-v2) using 'remote-settings.content-signature.mozilla.org-2024-01-19-16-42-21.chain'
console.error: services.settings: 
  main/search-config-v2 local data was corrupted
console.warn: services.settings: main/search-config-v2 Signature verified failed. Retry from scratch
JavaScript warning: https://www.google.com/search?client=firefox-b-d&q=erreur+503, line 50: Script terminated by timeout at:
@https://www.google.com/search?client=firefox-b-d&q=erreur+503:50:201257

1703002807385	Marionette	INFO	Stopped listening on port 61068
Dynamically enable window occlusion 1
