1703236062021	geckodriver	INFO	Listening on 127.0.0.1:62704
1703236065106	mozrunner::runner	INFO	Running command: "C:\\Program Files\\Mozilla Firefox\\firefox.exe" "--marionette" "--remote-debugging-port" "62705" "--remote-allow-hosts" "localhost" "-no-remote" "-profile" "C:\\Users\\Romuald\\AppData\\Local\\Temp\\rust_mozprofile3dom1Q"
console.warn: services.settings: Ignoring preference override of remote settings server
console.warn: services.settings: Allow by setting MOZ_REMOTE_SETTINGS_DEVTOOLS=1 in the environment
1703236065315	Marionette	INFO	Marionette enabled
Dynamically enable window occlusion 0
1703236065380	Marionette	INFO	Listening on port 62714
WebDriver BiDi listening on ws://127.0.0.1:62705
Read port: 62714
1703236065495	RemoteAgent	WARN	TLS certificate errors will be ignored for this session
DevTools listening on ws://127.0.0.1:62705/devtools/browser/53787468-63b8-47bf-818f-fb4b61346042
console.warn: LoginRecipes: "Falling back to a synchronous message for: https://opensource-demo.orangehrmlive.com."
console.warn: LoginRecipes: "Falling back to a synchronous message for: https://opensource-demo.orangehrmlive.com."
1703236095764	addons.xpi	ERROR	System addon update list error SyntaxError: XMLHttpRequest.open: 'http://%(server)s/dummy-system-addons.xml' is not a valid URL.
console.error: services.settings: 
  main/search-config-v2 Signature failed  InvalidSignatureError: Invalid content signature (main/search-config-v2) using 'remote-settings.content-signature.mozilla.org-2024-01-19-16-42-21.chain'
console.error: services.settings: 
  main/search-config-v2 local data was corrupted
console.warn: services.settings: main/search-config-v2 Signature verified failed. Retry from scratch
1703236116359	Marionette	INFO	Stopped listening on port 62714
Dynamically enable window occlusion 1
