1703003667749	geckodriver	INFO	Listening on 127.0.0.1:62459
1703003670812	mozrunner::runner	INFO	Running command: "C:\\Program Files\\Mozilla Firefox\\firefox.exe" "--marionette" "--remote-debugging-port" "62460" "--remote-allow-hosts" "localhost" "-no-remote" "-profile" "C:\\Users\\Romuald\\AppData\\Local\\Temp\\rust_mozprofileK2nXvG"
console.warn: services.settings: Ignoring preference override of remote settings server
console.warn: services.settings: Allow by setting MOZ_REMOTE_SETTINGS_DEVTOOLS=1 in the environment
1703003671028	Marionette	INFO	Marionette enabled
Dynamically enable window occlusion 0
1703003671093	Marionette	INFO	Listening on port 62467
WebDriver BiDi listening on ws://127.0.0.1:62460
Read port: 62467
1703003671209	RemoteAgent	WARN	TLS certificate errors will be ignored for this session
DevTools listening on ws://127.0.0.1:62460/devtools/browser/5d74b533-77f1-4f17-a125-ebb4a1240523
console.warn: LoginRecipes: "Falling back to a synchronous message for: https://opensource-demo.orangehrmlive.com."
console.warn: LoginRecipes: "Falling back to a synchronous message for: https://opensource-demo.orangehrmlive.com."
1703003701405	addons.xpi	ERROR	System addon update list error SyntaxError: XMLHttpRequest.open: 'http://%(server)s/dummy-system-addons.xml' is not a valid URL.
console.error: services.settings: 
  main/search-config-v2 Signature failed  InvalidSignatureError: Invalid content signature (main/search-config-v2) using 'remote-settings.content-signature.mozilla.org-2024-01-19-16-42-21.chain'
console.error: services.settings: 
  main/search-config-v2 local data was corrupted
console.warn: services.settings: main/search-config-v2 Signature verified failed. Retry from scratch
console.warn: LoginRecipes: "Falling back to a synchronous message for: https://opensource-demo.orangehrmlive.com."
1703003779791	Marionette	INFO	Stopped listening on port 62467
Dynamically enable window occlusion 1
