1703233928508	geckodriver	INFO	Listening on 127.0.0.1:59837
1703233931578	mozrunner::runner	INFO	Running command: "C:\\Program Files\\Mozilla Firefox\\firefox.exe" "--marionette" "--remote-debugging-port" "59838" "--remote-allow-hosts" "localhost" "-no-remote" "-profile" "C:\\Users\\Romuald\\AppData\\Local\\Temp\\rust_mozprofileDQjpky"
console.warn: services.settings: Ignoring preference override of remote settings server
console.warn: services.settings: Allow by setting MOZ_REMOTE_SETTINGS_DEVTOOLS=1 in the environment
1703233931789	Marionette	INFO	Marionette enabled
Dynamically enable window occlusion 0
1703233931853	Marionette	INFO	Listening on port 59847
WebDriver BiDi listening on ws://127.0.0.1:59838
Read port: 59847
1703233931973	RemoteAgent	WARN	TLS certificate errors will be ignored for this session
DevTools listening on ws://127.0.0.1:59838/devtools/browser/b6142d85-a89e-4d66-aa1f-b9727918bed3
console.warn: LoginRecipes: "Falling back to a synchronous message for: https://opensource-demo.orangehrmlive.com."
console.warn: LoginRecipes: "Falling back to a synchronous message for: https://opensource-demo.orangehrmlive.com."
1703233962218	addons.xpi	ERROR	System addon update list error SyntaxError: XMLHttpRequest.open: 'http://%(server)s/dummy-system-addons.xml' is not a valid URL.
console.error: services.settings: 
  main/search-config-v2 Signature failed  InvalidSignatureError: Invalid content signature (main/search-config-v2) using 'remote-settings.content-signature.mozilla.org-2024-01-19-16-42-21.chain'
console.error: services.settings: 
  main/search-config-v2 local data was corrupted
console.warn: services.settings: main/search-config-v2 Signature verified failed. Retry from scratch
1703233979344	Marionette	INFO	Stopped listening on port 59847
Dynamically enable window occlusion 1
