1703240240566	geckodriver	INFO	Listening on 127.0.0.1:51540
1703240243647	mozrunner::runner	INFO	Running command: "C:\\Program Files\\Mozilla Firefox\\firefox.exe" "--marionette" "--remote-debugging-port" "51541" "--remote-allow-hosts" "localhost" "-no-remote" "-profile" "C:\\Users\\Romuald\\AppData\\Local\\Temp\\rust_mozprofile15CCaM"
console.warn: services.settings: Ignoring preference override of remote settings server
console.warn: services.settings: Allow by setting MOZ_REMOTE_SETTINGS_DEVTOOLS=1 in the environment
1703240243856	Marionette	INFO	Marionette enabled
Dynamically enable window occlusion 0
1703240243922	Marionette	INFO	Listening on port 51551
WebDriver BiDi listening on ws://127.0.0.1:51541
Read port: 51551
1703240244040	RemoteAgent	WARN	TLS certificate errors will be ignored for this session
DevTools listening on ws://127.0.0.1:51541/devtools/browser/6aa5fea8-446d-4192-981f-8bdf1181eb20
console.warn: LoginRecipes: "Falling back to a synchronous message for: https://opensource-demo.orangehrmlive.com."
console.warn: LoginRecipes: "Falling back to a synchronous message for: https://opensource-demo.orangehrmlive.com."
1703240255069	Marionette	INFO	Stopped listening on port 51551
JavaScript warning: https://opensource-demo.orangehrmlive.com/web/dist/js/chunk-vendors.js?v=1689053487449, line 115: Script terminated by timeout at:
Ja@https://opensource-demo.orangehrmlive.com/web/dist/js/chunk-vendors.js?v=1689053487449:115:171970
k@https://opensource-demo.orangehrmlive.com/web/dist/js/chunk-vendors.js?v=1689053487449:115:171123
s@https://opensource-demo.orangehrmlive.com/web/dist/js/chunk-vendors.js?v=1689053487449:115:171245
i@https://opensource-demo.orangehrmlive.com/web/dist/js/chunk-vendors.js?v=1689053487449:115:172231
d@https://opensource-demo.orangehrmlive.com/web/dist/js/chunk-vendors.js?v=1689053487449:115:172389
h@https://opensource-demo.orangehrmlive.com/web/dist/js/chunk-vendors.js?v=1689053487449:115:172422

Dynamically enable window occlusion 1
